<?xml version="1.0" encoding="UTF-8"?>
<!-- Generated by org.testng.reporters.JUnitXMLReporter -->
<testsuite hostname="DESKTOP-UFLT0U7" name="Report(failed)(failed)" tests="6" failures="0" timestamp="28 Apr 2022 14:21:07 GMT" time="87.722" errors="0">
  <testcase name="cbanking" time="2.811" classname="april23.FirstTestNGClass"/>
  <testcase name="LoginMultipletimes" time="7.98" classname="april23.ThirdTestNGClass"/>
  <testcase name="LoginMultipletimes" time="8.579" classname="april23.ThirdTestNGClass"/>
  <testcase name="LoginMultipletimes" time="7.867" classname="april23.ThirdTestNGClass"/>
  <testcase name="LoginMultipletimes" time="8.478" classname="april23.ThirdTestNGClass"/>
  <testcase name="LoginMultipletimes" time="45.561" classname="april23.ThirdTestNGClass"/>
</testsuite> <!-- Report(failed)(failed) -->
