<?xml version="1.0" encoding="UTF-8"?>
<!-- Generated by org.testng.reporters.JUnitXMLReporter -->
<testsuite hostname="DESKTOP-UFLT0U7" name="Report" tests="11" failures="0" timestamp="28 Apr 2022 14:16:21 GMT" time="76.055" errors="0">
  <testcase name="cbanking" time="3.086" classname="april23.FirstTestNGClass"/>
  <testcase name="ibanking" time="4.056" classname="april23.FirstTestNGClass"/>
  <testcase name="pbanking" time="4.528" classname="april23.FirstTestNGClass"/>
  <testcase name="addition" time="1.071" classname="april23.SecondTestNGClass"/>
  <testcase name="LoginMultipletimes" time="14.152" classname="april23.ThirdTestNGClass"/>
  <testcase name="division" time="0.379" classname="april23.SecondTestNGClass"/>
  <testcase name="LoginMultipletimes" time="12.824" classname="april23.ThirdTestNGClass"/>
  <testcase name="multiplication" time="0.41" classname="april23.SecondTestNGClass"/>
  <testcase name="LoginMultipletimes" time="12.583" classname="april23.ThirdTestNGClass"/>
  <testcase name="LoginMultipletimes" time="10.216" classname="april23.ThirdTestNGClass"/>
  <testcase name="LoginMultipletimes" time="10.581" classname="april23.ThirdTestNGClass"/>
</testsuite> <!-- Report -->
