<?xml version="1.0" encoding="UTF-8"?>
<testng-results skipped="0" failed="0" total="1" passed="1">
  <reporter-output>
  </reporter-output>
  <suite name="Default suite" duration-ms="12733" started-at="2022-04-28T14:37:40Z" finished-at="2022-04-28T14:37:53Z">
    <groups>
    </groups>
    <test name="Default test" duration-ms="12733" started-at="2022-04-28T14:37:40Z" finished-at="2022-04-28T14:37:53Z">
      <class name="april27.WaitStateMent">
        <test-method status="PASS" signature="verifylogin1()[pri:0, instance:april27.WaitStateMent@50c87b21]" name="verifylogin1" duration-ms="12709" started-at="2022-04-28T20:07:41Z" finished-at="2022-04-28T20:07:53Z">
          <reporter-output>
          </reporter-output>
        </test-method> <!-- verifylogin1 -->
      </class> <!-- april27.WaitStateMent -->
    </test> <!-- Default test -->
  </suite> <!-- Default suite -->
</testng-results>
